Symlinking /home/devika/the_last_interface/devel/share/roseus/ros/robotic_armv5/manifest.l
Symlinking /home/devika/the_last_interface/devel/share/roseus/ros/robotic_armv5/srv/Floats_array.l
Symlinking /home/devika/the_last_interface/devel/share/robotic_armv5/cmake/robotic_armv5Config.cmake
Symlinking /home/devika/the_last_interface/devel/share/robotic_armv5/cmake/robotic_armv5-msg-paths.cmake
Symlinking /home/devika/the_last_interface/devel/share/robotic_armv5/cmake/robotic_armv5-msg-extras.cmake
Symlinking /home/devika/the_last_interface/devel/share/robotic_armv5/cmake/robotic_armv5Config-version.cmake
Symlinking /home/devika/the_last_interface/devel/share/gennodejs/ros/robotic_armv5/_index.js
Symlinking /home/devika/the_last_interface/devel/share/gennodejs/ros/robotic_armv5/srv/Floats_array.js
Symlinking /home/devika/the_last_interface/devel/share/gennodejs/ros/robotic_armv5/srv/_index.js
Symlinking /home/devika/the_last_interface/devel/share/common-lisp/ros/robotic_armv5/srv/robotic_armv5-srv.asd
Symlinking /home/devika/the_last_interface/devel/share/common-lisp/ros/robotic_armv5/srv/Floats_array.lisp
Symlinking /home/devika/the_last_interface/devel/share/common-lisp/ros/robotic_armv5/srv/_package_Floats_array.lisp
Symlinking /home/devika/the_last_interface/devel/share/common-lisp/ros/robotic_armv5/srv/_package.lisp
Symlinking /home/devika/the_last_interface/devel/lib/pkgconfig/robotic_armv5.pc
Symlinking /home/devika/the_last_interface/devel/lib/python3/dist-packages/robotic_armv5/__init__.py
Symlinking /home/devika/the_last_interface/devel/lib/python3/dist-packages/robotic_armv5/srv/__init__.py
Symlinking /home/devika/the_last_interface/devel/lib/python3/dist-packages/robotic_armv5/srv/_Floats_array.py
Symlinking /home/devika/the_last_interface/devel/include/robotic_armv5/Floats_arrayResponse.h
Symlinking /home/devika/the_last_interface/devel/include/robotic_armv5/Floats_array.h
Symlinking /home/devika/the_last_interface/devel/include/robotic_armv5/Floats_arrayRequest.h
