[35m[1mScanning dependencies of target std_msgs_generate_messages_eus[0m
[35m[1mScanning dependencies of target robotic_armv5_xacro_generated_to_devel_space_[0m
[35m[1mScanning dependencies of target std_msgs_generate_messages_lisp[0m
[35m[1mScanning dependencies of target std_msgs_generate_messages_cpp[0m
[35m[1mScanning dependencies of target std_msgs_generate_messages_nodejs[0m
[35m[1mScanning dependencies of target _robotic_armv5_generate_messages_check_deps_Floats_array[0m
[35m[1mScanning dependencies of target std_msgs_generate_messages_py[0m
[  0%] Built target std_msgs_generate_messages_lisp
[  0%] Built target std_msgs_generate_messages_eus
[  0%] Built target robotic_armv5_xacro_generated_to_devel_space_
[  0%] Built target std_msgs_generate_messages_cpp
[  0%] Built target std_msgs_generate_messages_py
[  0%] Built target std_msgs_generate_messages_nodejs
[  0%] Built target _robotic_armv5_generate_messages_check_deps_Floats_array
[35m[1mScanning dependencies of target robotic_armv5_generate_messages_cpp[0m
[35m[1mScanning dependencies of target robotic_armv5_generate_messages_lisp[0m
[35m[1mScanning dependencies of target robotic_armv5_generate_messages_eus[0m
[35m[1mScanning dependencies of target robotic_armv5_generate_messages_py[0m
[35m[1mScanning dependencies of target robotic_armv5_generate_messages_nodejs[0m
[ 14%] [34m[1mGenerating C++ code from robotic_armv5/Floats_array.srv[0m
[ 42%] [34m[1mGenerating EusLisp manifest code for robotic_armv5[0m
[ 42%] [34m[1mGenerating Python code from SRV robotic_armv5/Floats_array[0m
[ 57%] [34m[1mGenerating Javascript code from robotic_armv5/Floats_array.srv[0m
[ 71%] [34m[1mGenerating EusLisp code from robotic_armv5/Floats_array.srv[0m
[ 85%] [34m[1mGenerating Lisp code from robotic_armv5/Floats_array.srv[0m
[ 85%] Built target robotic_armv5_generate_messages_lisp
[ 85%] Built target robotic_armv5_generate_messages_nodejs
[ 85%] Built target robotic_armv5_generate_messages_cpp
[100%] [34m[1mGenerating Python srv __init__.py for robotic_armv5[0m
[100%] Built target robotic_armv5_generate_messages_py
[100%] Built target robotic_armv5_generate_messages_eus
[35m[1mScanning dependencies of target robotic_armv5_generate_messages[0m
[100%] Built target robotic_armv5_generate_messages
